[debug] [2024-06-02T20:24:47.924Z] ----------------------------------------------------------------------
[debug] [2024-06-02T20:24:47.930Z] Command:       C:\Program Files\nodejs\node.exe C:\Users\malha\AppData\Roaming\npm\node_modules\firebase-tools\lib\bin\firebase.js init
[debug] [2024-06-02T20:24:47.931Z] CLI Version:   13.10.2
[debug] [2024-06-02T20:24:47.932Z] Platform:      win32
[debug] [2024-06-02T20:24:47.933Z] Node Version:  v20.13.1
[debug] [2024-06-02T20:24:47.933Z] Time:          Mon Jun 03 2024 01:24:47 GMT+0500 (Pakistan Standard Time)
[debug] [2024-06-02T20:24:47.934Z] ----------------------------------------------------------------------
[debug] 
[debug] [2024-06-02T20:24:47.949Z] > command requires scopes: ["email","openid","https://www.googleapis.com/auth/cloudplatformprojects.readonly","https://www.googleapis.com/auth/firebase","https://www.googleapis.com/auth/cloud-platform"]
[debug] [2024-06-02T20:24:47.951Z] > authorizing via signed-in user (tahir12721@gmail.com)
[info] 
     ######## #### ########  ######## ########     ###     ######  ########
     ##        ##  ##     ## ##       ##     ##  ##   ##  ##       ##
     ######    ##  ########  ######   ########  #########  ######  ######
     ##        ##  ##    ##  ##       ##     ## ##     ##       ## ##
     ##       #### ##     ## ######## ########  ##     ##  ######  ########

You're about to initialize a Firebase project in this directory:

  C:\Users\malha\Downloads\portfolio-website

[info] 
=== Project Setup
[info] 
[info] First, let's associate this project directory with a Firebase project.
[info] You can create multiple project aliases by running firebase use --add, 
[info] but for now we'll just set up a default project.
[info] 
[debug] [2024-06-02T20:25:05.436Z] >>> [apiv2][query] GET https://firebase.googleapis.com/v1beta1/availableProjects pageSize=100
[debug] [2024-06-02T20:25:06.225Z] <<< [apiv2][status] GET https://firebase.googleapis.com/v1beta1/availableProjects 200
[debug] [2024-06-02T20:25:06.226Z] <<< [apiv2][body] GET https://firebase.googleapis.com/v1beta1/availableProjects [omitted]
[debug] [2024-06-02T20:25:10.993Z] >>> [apiv2][query] POST https://firebase.googleapis.com/v1beta1/projects/my-unique-portfolio-website:addFirebase [none]
[debug] [2024-06-02T20:25:11.427Z] <<< [apiv2][status] POST https://firebase.googleapis.com/v1beta1/projects/my-unique-portfolio-website:addFirebase 403
[debug] [2024-06-02T20:25:11.428Z] <<< [apiv2][body] POST https://firebase.googleapis.com/v1beta1/projects/my-unique-portfolio-website:addFirebase {"error":{"code":403,"message":"The caller does not have permission","status":"PERMISSION_DENIED"}}
[debug] [2024-06-02T20:25:11.430Z] HTTP Error: 403, The caller does not have permission
[debug] [2024-06-02T20:25:11.792Z] FirebaseError: HTTP Error: 403, The caller does not have permission
    at responseToError (C:\Users\malha\AppData\Roaming\npm\node_modules\firebase-tools\lib\responseToError.js:49:12)
    at RetryOperation._fn (C:\Users\malha\AppData\Roaming\npm\node_modules\firebase-tools\lib\apiv2.js:305:77)
    at process.processTicksAndRejections (node:internal/process/task_queues:95:5)
[error] 
[error] Error: Failed to add Firebase to Google Cloud Platform project. See firebase-debug.log for more info.
